21:39:29.789 [main] DEBUG io.netty.buffer.PooledByteBufAllocator - -Dio.netty.allocator.maxCachedByteBuffersPerChunk: 1023
21:39:29.804 [main] DEBUG io.netty.buffer.ByteBufUtil - -Dio.netty.allocator.type: pooled
21:39:29.804 [main] DEBUG io.netty.buffer.ByteBufUtil - -Dio.netty.threadLocalDirectBufferSize: 0
21:39:29.804 [main] DEBUG io.netty.buffer.ByteBufUtil - -Dio.netty.maxThreadLocalCharBufferSize: 16384
21:39:30.122 [Forwarding newSession on session null to remote] DEBUG io.netty.channel.DefaultChannelId - -Dio.netty.processId: 5087 (auto-detected)
21:39:30.124 [Forwarding newSession on session null to remote] DEBUG io.netty.util.NetUtil - -Djava.net.preferIPv4Stack: false
21:39:30.124 [Forwarding newSession on session null to remote] DEBUG io.netty.util.NetUtil - -Djava.net.preferIPv6Addresses: false
21:39:30.126 [Forwarding newSession on session null to remote] DEBUG io.netty.util.NetUtilInitializations - Loopback interface: lo0 (lo0, 0:0:0:0:0:0:0:1%lo0)
21:39:30.127 [Forwarding newSession on session null to remote] DEBUG io.netty.util.NetUtil - Failed to get SOMAXCONN from sysctl and file /proc/sys/net/core/somaxconn. Default: 128
21:39:30.128 [Forwarding newSession on session null to remote] DEBUG io.netty.channel.DefaultChannelId - -Dio.netty.machineId: ac:de:48:ff:fe:00:11:22 (auto-detected)
21:39:30.173 [AsyncHttpClient-1-2] DEBUG io.netty.buffer.AbstractByteBuf - -Dio.netty.buffer.checkAccessible: true
21:39:30.173 [AsyncHttpClient-1-2] DEBUG io.netty.buffer.AbstractByteBuf - -Dio.netty.buffer.checkBounds: true
21:39:30.173 [AsyncHttpClient-1-2] DEBUG io.netty.util.ResourceLeakDetectorFactory - Loaded default ResourceLeakDetector: io.netty.util.ResourceLeakDetector@184a98cf
21:39:30.193 [AsyncHttpClient-1-2] DEBUG io.netty.util.Recycler - -Dio.netty.recycler.maxCapacityPerThread: 4096
21:39:30.193 [AsyncHttpClient-1-2] DEBUG io.netty.util.Recycler - -Dio.netty.recycler.maxSharedCapacityFactor: 2
21:39:30.193 [AsyncHttpClient-1-2] DEBUG io.netty.util.Recycler - -Dio.netty.recycler.linkCapacity: 16
21:39:30.193 [AsyncHttpClient-1-2] DEBUG io.netty.util.Recycler - -Dio.netty.recycler.ratio: 8
21:39:30.193 [AsyncHttpClient-1-2] DEBUG io.netty.util.Recycler - -Dio.netty.recycler.delayedQueue.ratio: 8
21:39:31.754 [main] DEBUG io.netty.util.internal.ThreadLocalRandom - -Dio.netty.initialSeedUniquifier: 0xb07cfb798210f0b0
21:39:31.803 [main] INFO  testCases.TC_001_AccountRegistration - Launched Chrome Browser
21:39:31.840 [main] INFO  testCases.TC_001_AccountRegistration - Starting TC_001_AccountRegistration
21:39:32.656 [main] INFO  testCases.TC_001_AccountRegistration - Home PageDisplayed
21:39:32.963 [main] INFO  testCases.TC_001_AccountRegistration - Clicking My Account link
21:39:33.404 [main] INFO  testCases.TC_001_AccountRegistration - Clicking Register link
21:39:33.527 [main] INFO  testCases.TC_001_AccountRegistration - First Name Provided
21:39:33.579 [main] INFO  testCases.TC_001_AccountRegistration - Last Name Provided
21:39:33.899 [main] INFO  testCases.TC_001_AccountRegistration - Provided details to Registration
21:39:34.640 [main] INFO  testCases.TC_001_AccountRegistration - Clicked on continue
21:39:34.666 [main] INFO  testCases.TC_001_AccountRegistration - Confirmation message validated
21:39:34.669 [main] INFO  testCases.TC_001_AccountRegistration -  Finished 	TC_001_AccountRegistration
21:39:34.685 [AsyncHttpClient-1-4] TRACE io.netty.handler.codec.http.websocketx.WebSocket08FrameEncoder - Encoding WebSocket Frame opCode=8 length=26
21:39:35.937 [main] INFO  testCases.TC_002_Login - Launched Chrome Browser
21:39:35.945 [main] INFO  testCases.TC_002_Login - Starting TC_002_Login
21:39:36.706 [main] INFO  testCases.TC_002_Login - Home PageDisplayed
21:39:36.988 [main] INFO  testCases.TC_002_Login - Clicked My account link
21:39:37.335 [main] INFO  testCases.TC_002_Login - Clicking login link
21:39:37.476 [main] INFO  testCases.TC_002_Login - provide email
21:39:37.534 [main] INFO  testCases.TC_002_Login - provided password
21:39:38.343 [main] INFO  testCases.TC_002_Login - clicked login button
21:39:38.377 [main] INFO  testCases.TC_002_Login - succesful validation
21:39:38.377 [main] INFO  testCases.TC_002_Login - Finished TC_002_Login
21:39:38.383 [AsyncHttpClient-1-7] TRACE io.netty.handler.codec.http.websocketx.WebSocket08FrameEncoder - Encoding WebSocket Frame opCode=8 length=26
21:39:39.625 [main] INFO  testCases.TC_LG_003 - Launched Chrome Browser
21:39:39.634 [main] INFO  testCases.TC_LG_003 - TC_LG_003 is started
21:39:40.431 [main] INFO  testCases.TC_LG_003 - URL is launched
21:39:41.231 [main] INFO  testCases.TC_LG_003 - Provided Email
21:39:41.287 [main] INFO  testCases.TC_LG_003 - Provided Password
21:39:42.121 [main] INFO  testCases.TC_LG_003 - Clicked Login
21:39:42.149 [main] INFO  testCases.TC_LG_003 - title captured
21:39:42.149 [main] INFO  testCases.TC_LG_003 - Validation Passed
21:39:42.180 [main] INFO  testCases.TC_LG_003 - Clicked My Account
21:39:42.853 [main] INFO  testCases.TC_LG_003 - Clicked LogOut
21:39:42.880 [main] INFO  testCases.TC_LG_003 - Validated Logout Message
21:39:42.882 [AsyncHttpClient-1-10] TRACE io.netty.handler.codec.http.websocketx.WebSocket08FrameEncoder - Encoding WebSocket Frame opCode=8 length=26
21:39:44.085 [main] INFO  testCases.TC_FP_004 - Launched Chrome Browser
21:39:44.092 [main] INFO  testCases.TC_FP_004 - TC_FP_004 Forgot Password Started
21:39:44.987 [main] INFO  testCases.TC_FP_004 - URL Launched
21:39:45.180 [main] INFO  testCases.TC_FP_004 - Clicked My Account Page
21:39:45.606 [main] INFO  testCases.TC_FP_004 - Clicked Login Page
21:39:45.975 [main] INFO  testCases.TC_FP_004 - Clicked Forgot password link
21:39:46.092 [main] INFO  testCases.TC_FP_004 - provided email to reset password
21:39:47.382 [main] INFO  testCases.TC_FP_004 - Clicked Continue button to reset password
21:39:47.413 [AsyncHttpClient-1-13] TRACE io.netty.handler.codec.http.websocketx.WebSocket08FrameEncoder - Encoding WebSocket Frame opCode=8 length=26
21:39:48.860 [main] INFO  testCases.TC_SF_015 - Launched Chrome Browser
21:39:48.893 [main] INFO  testCases.TC_SF_015 - TestCase TC_SF_015 started
21:39:49.739 [main] INFO  testCases.TC_SF_015 - URL is launched
21:39:49.923 [main] INFO  testCases.TC_SF_015 - Enter txt to search product
21:39:50.513 [main] INFO  testCases.TC_SF_015 - Clicked search button
21:39:51.145 [main] INFO  testCases.TC_SF_015 - DropDown Validated
21:39:51.147 [AsyncHttpClient-1-16] TRACE io.netty.handler.codec.http.websocketx.WebSocket08FrameEncoder - Encoding WebSocket Frame opCode=8 length=26
21:39:52.404 [main] INFO  testCases.TC_PC_001 - Launched Chrome Browser
21:39:52.418 [main] INFO  testCases.TC_PC_001 - TestCase TC_PC_001 is started
21:39:53.226 [main] INFO  testCases.TC_PC_001 - URL is launched 
21:39:53.347 [main] INFO  testCases.TC_PC_001 - Text Mac is entered in inputsearch box
21:39:53.944 [main] INFO  testCases.TC_PC_001 - Clicked search Button
21:39:55.036 [main] INFO  testCases.TC_PC_001 - Clicked on the product displayed 
21:39:55.099 [main] INFO  testCases.TC_PC_001 - Clicked on product to be compared
21:39:55.429 [main] INFO  testCases.TC_PC_001 - Clicked on productCompairsion link
21:39:55.431 [AsyncHttpClient-1-3] TRACE io.netty.handler.codec.http.websocketx.WebSocket08FrameEncoder - Encoding WebSocket Frame opCode=8 length=26
21:39:56.647 [main] INFO  testCases.TC_PC_004 - Launched Chrome Browser
21:39:56.661 [main] INFO  testCases.TC_PC_004 - TestCase TC_PC_004 started
21:39:57.420 [main] INFO  testCases.TC_PC_004 - URL is launched
21:39:57.737 [main] INFO  testCases.TC_PC_004 - Clicked the Desktop button
21:39:58.337 [main] INFO  testCases.TC_PC_004 - Clicked Show all Desktop
21:39:58.379 [main] INFO  testCases.TC_PC_004 - Clicked List View
21:39:59.408 [main] INFO  testCases.TC_PC_004 - Choose the product from the list
21:39:59.446 [main] INFO  testCases.TC_PC_004 - Added the product to compare product
21:39:59.763 [main] INFO  testCases.TC_PC_004 - Captured Confirmation message after adding the product to compare
21:39:59.763 [main] INFO  testCases.TC_PC_004 - Validation passed
21:39:59.765 [AsyncHttpClient-1-6] TRACE io.netty.handler.codec.http.websocketx.WebSocket08FrameEncoder - Encoding WebSocket Frame opCode=8 length=26
21:40:01.095 [main] INFO  testCases.TC_PDP_001 - Launched Chrome Browser
21:40:01.109 [main] INFO  testCases.TC_PDP_001 -  TestCase TC_PDP_001 started
21:40:02.066 [main] INFO  testCases.TC_PDP_001 - Provided text iMac in Search textbox
21:40:02.625 [main] INFO  testCases.TC_PDP_001 - Clicked Search button
21:40:06.536 [main] INFO  testCases.TC_PDP_001 - Clicked iMac Product
21:40:06.583 [main] INFO  testCases.TC_PDP_001 - Clicked iMac image
21:40:09.783 [main] INFO  testCases.TC_PDP_001 - Clicked iMac image1 
21:40:12.970 [main] INFO  testCases.TC_PDP_001 - Clicked iMac image2
21:40:16.143 [main] INFO  testCases.TC_PDP_001 - Validated Product Name Passed
21:40:16.162 [main] INFO  testCases.TC_PDP_001 - Validated Product Brand Passed
21:40:16.298 [main] INFO  testCases.TC_PDP_001 - Setting Quantity to 2
21:40:16.367 [main] INFO  testCases.TC_PDP_001 - Clicking on Add to Cart Button 
21:40:16.735 [main] INFO  testCases.TC_PDP_001 - Validated Sucess Message after adding to cart Passed
21:40:21.062 [main] INFO  testCases.TC_PDP_032 - Launched Chrome Browser
21:40:21.076 [main] INFO  testCases.TC_PDP_032 - TC_PDP_032 test case started
21:40:21.955 [main] INFO  testCases.TC_PDP_032 - URL Launched
21:40:22.076 [main] INFO  testCases.TC_PDP_032 - Search text iMac entered in textbox
21:40:22.639 [main] INFO  testCases.TC_PDP_032 - Clicked Search Button
21:40:22.673 [main] INFO  testCases.TC_PDP_032 - clicked add to cart next to image
21:40:23.232 [main] INFO  testCases.TC_PDP_032 - clicked add to cart next to Search Button
21:40:33.556 [AsyncHttpClient-1-12] TRACE io.netty.handler.codec.http.websocketx.WebSocket08FrameEncoder - Encoding WebSocket Frame opCode=8 length=26
21:40:34.799 [main] INFO  testCases.TC_PDP_035 - Launched Chrome Browser
21:40:34.808 [main] INFO  testCases.TC_PDP_035 - TC_PDP_035 TestCase Started
21:40:35.616 [main] INFO  testCases.TC_PDP_035 - URL Launched
21:40:35.741 [main] INFO  testCases.TC_PDP_035 - Search text iMac entered in textbox
21:40:36.198 [main] INFO  testCases.TC_PDP_035 - Clicked Search Button
21:40:37.331 [main] INFO  testCases.TC_PDP_035 - Clicked on Apple Cinema Product
21:40:37.351 [main] INFO  testCases.TC_PDP_035 - Validation of Page Heading Passed
21:40:37.354 [main] INFO  testCases.TC_PDP_035 - Validation of Page Title Passed
21:40:37.357 [main] INFO  testCases.TC_PDP_035 - Validation of Page URL Passed
21:40:37.357 [main] INFO  testCases.TC_PDP_035 - Finished TC_PDP_035
21:40:37.358 [AsyncHttpClient-1-15] TRACE io.netty.handler.codec.http.websocketx.WebSocket08FrameEncoder - Encoding WebSocket Frame opCode=8 length=26
21:41:57.299 [main] DEBUG io.netty.util.internal.logging.InternalLoggerFactory - Using Log4J2 as the default logging framework
21:41:57.307 [main] DEBUG io.netty.util.ResourceLeakDetector - -Dio.netty.leakDetection.level: simple
21:41:57.307 [main] DEBUG io.netty.util.ResourceLeakDetector - -Dio.netty.leakDetection.targetRecords: 4
21:41:57.310 [main] DEBUG io.netty.util.ResourceLeakDetectorFactory - Loaded default ResourceLeakDetector: io.netty.util.ResourceLeakDetector@22c86919
21:41:57.322 [main] DEBUG io.netty.util.internal.PlatformDependent - Platform: MacOS
21:41:57.323 [main] DEBUG io.netty.util.internal.PlatformDependent0 - -Dio.netty.noUnsafe: false
21:41:57.323 [main] DEBUG io.netty.util.internal.PlatformDependent0 - Java version: 8
21:41:57.324 [main] DEBUG io.netty.util.internal.PlatformDependent0 - sun.misc.Unsafe.theUnsafe: available
21:41:57.324 [main] DEBUG io.netty.util.internal.PlatformDependent0 - sun.misc.Unsafe.copyMemory: available
21:41:57.324 [main] DEBUG io.netty.util.internal.PlatformDependent0 - java.nio.Buffer.address: available
21:41:57.325 [main] DEBUG io.netty.util.internal.PlatformDependent0 - direct buffer constructor: available
21:41:57.325 [main] DEBUG io.netty.util.internal.PlatformDependent0 - java.nio.Bits.unaligned: available, true
21:41:57.325 [main] DEBUG io.netty.util.internal.PlatformDependent0 - jdk.internal.misc.Unsafe.allocateUninitializedArray(int): unavailable prior to Java9
21:41:57.325 [main] DEBUG io.netty.util.internal.PlatformDependent0 - java.nio.DirectByteBuffer.<init>(long, int): available
21:41:57.326 [main] DEBUG io.netty.util.internal.PlatformDependent - sun.misc.Unsafe: available
21:41:57.326 [main] DEBUG io.netty.util.internal.PlatformDependent - -Dio.netty.tmpdir: /var/folders/9z/2xh0v91139g95yjpxfg4djhh0000gn/T (java.io.tmpdir)
21:41:57.326 [main] DEBUG io.netty.util.internal.PlatformDependent - -Dio.netty.bitMode: 64 (sun.arch.data.model)
21:41:57.326 [main] DEBUG io.netty.util.internal.PlatformDependent - -Dio.netty.maxDirectMemory: 1908932608 bytes
21:41:57.326 [main] DEBUG io.netty.util.internal.PlatformDependent - -Dio.netty.uninitializedArrayAllocationThreshold: -1
21:41:57.327 [main] DEBUG io.netty.util.internal.CleanerJava6 - java.nio.ByteBuffer.cleaner(): available
21:41:57.327 [main] DEBUG io.netty.util.internal.PlatformDependent - -Dio.netty.noPreferDirect: false
21:41:57.333 [main] DEBUG io.netty.util.internal.PlatformDependent - org.jctools-core.MpscChunkedArrayQueue: available
21:41:57.345 [main] DEBUG io.netty.util.internal.InternalThreadLocalMap - -Dio.netty.threadLocalMap.stringBuilder.initialSize: 1024
21:41:57.345 [main] DEBUG io.netty.util.internal.InternalThreadLocalMap - -Dio.netty.threadLocalMap.stringBuilder.maxSize: 4096
21:41:57.361 [main] DEBUG io.netty.handler.ssl.JdkSslContext - Default protocols (JDK): [TLSv1.2] 
21:41:57.361 [main] DEBUG io.netty.handler.ssl.JdkSslContext - Default cipher suites (JDK): [TLS_ECDHE_ECDSA_WITH_AES_256_GCM_SHA384, TLS_ECDHE_ECDSA_WITH_AES_128_GCM_SHA256, TLS_ECDHE_RSA_WITH_AES_128_GCM_SHA256, TLS_ECDHE_RSA_WITH_AES_256_GCM_SHA384, TLS_ECDHE_RSA_WITH_AES_128_CBC_SHA, TLS_ECDHE_RSA_WITH_AES_256_CBC_SHA, TLS_RSA_WITH_AES_128_GCM_SHA256, TLS_RSA_WITH_AES_128_CBC_SHA, TLS_RSA_WITH_AES_256_CBC_SHA, TLS_AES_128_GCM_SHA256, TLS_AES_256_GCM_SHA384]
21:41:57.380 [main] DEBUG io.netty.channel.MultithreadEventLoopGroup - -Dio.netty.eventLoopThreads: 16
21:41:57.387 [main] DEBUG io.netty.channel.nio.NioEventLoop - -Dio.netty.noKeySetOptimization: false
21:41:57.387 [main] DEBUG io.netty.channel.nio.NioEventLoop - -Dio.netty.selectorAutoRebuildThreshold: 512
21:41:57.390 [main] TRACE io.netty.channel.nio.NioEventLoop - instrumented a special java.util.Set into: sun.nio.ch.KQueueSelectorImpl@5167268
21:41:57.390 [main] TRACE io.netty.channel.nio.NioEventLoop - instrumented a special java.util.Set into: sun.nio.ch.KQueueSelectorImpl@2c444798
21:41:57.391 [main] TRACE io.netty.channel.nio.NioEventLoop - instrumented a special java.util.Set into: sun.nio.ch.KQueueSelectorImpl@1af7f54a
21:41:57.391 [main] TRACE io.netty.channel.nio.NioEventLoop - instrumented a special java.util.Set into: sun.nio.ch.KQueueSelectorImpl@6ebd78d1
21:41:57.391 [main] TRACE io.netty.channel.nio.NioEventLoop - instrumented a special java.util.Set into: sun.nio.ch.KQueueSelectorImpl@436390f4
21:41:57.391 [main] TRACE io.netty.channel.nio.NioEventLoop - instrumented a special java.util.Set into: sun.nio.ch.KQueueSelectorImpl@4d157787
21:41:57.391 [main] TRACE io.netty.channel.nio.NioEventLoop - instrumented a special java.util.Set into: sun.nio.ch.KQueueSelectorImpl@68ed96ca
21:41:57.391 [main] TRACE io.netty.channel.nio.NioEventLoop - instrumented a special java.util.Set into: sun.nio.ch.KQueueSelectorImpl@6d1310f6
21:41:57.391 [main] TRACE io.netty.channel.nio.NioEventLoop - instrumented a special java.util.Set into: sun.nio.ch.KQueueSelectorImpl@3228d990
21:41:57.391 [main] TRACE io.netty.channel.nio.NioEventLoop - instrumented a special java.util.Set into: sun.nio.ch.KQueueSelectorImpl@54e7391d
21:41:57.391 [main] TRACE io.netty.channel.nio.NioEventLoop - instrumented a special java.util.Set into: sun.nio.ch.KQueueSelectorImpl@50b8ae8d
21:41:57.391 [main] TRACE io.netty.channel.nio.NioEventLoop - instrumented a special java.util.Set into: sun.nio.ch.KQueueSelectorImpl@255990cc
21:41:57.392 [main] TRACE io.netty.channel.nio.NioEventLoop - instrumented a special java.util.Set into: sun.nio.ch.KQueueSelectorImpl@51c929ae
21:41:57.392 [main] TRACE io.netty.channel.nio.NioEventLoop - instrumented a special java.util.Set into: sun.nio.ch.KQueueSelectorImpl@3c8bdd5b
21:41:57.392 [main] TRACE io.netty.channel.nio.NioEventLoop - instrumented a special java.util.Set into: sun.nio.ch.KQueueSelectorImpl@29d2d081
21:41:57.392 [main] TRACE io.netty.channel.nio.NioEventLoop - instrumented a special java.util.Set into: sun.nio.ch.KQueueSelectorImpl@40e4ea87
21:41:57.408 [main] DEBUG io.netty.buffer.PooledByteBufAllocator - -Dio.netty.allocator.numHeapArenas: 16
21:41:57.409 [main] DEBUG io.netty.buffer.PooledByteBufAllocator - -Dio.netty.allocator.numDirectArenas: 16
21:41:57.409 [main] DEBUG io.netty.buffer.PooledByteBufAllocator - -Dio.netty.allocator.pageSize: 8192
21:41:57.409 [main] DEBUG io.netty.buffer.PooledByteBufAllocator - -Dio.netty.allocator.maxOrder: 11
21:41:57.409 [main] DEBUG io.netty.buffer.PooledByteBufAllocator - -Dio.netty.allocator.chunkSize: 16777216
21:41:57.409 [main] DEBUG io.netty.buffer.PooledByteBufAllocator - -Dio.netty.allocator.smallCacheSize: 256
21:41:57.409 [main] DEBUG io.netty.buffer.PooledByteBufAllocator - -Dio.netty.allocator.normalCacheSize: 64
21:41:57.409 [main] DEBUG io.netty.buffer.PooledByteBufAllocator - -Dio.netty.allocator.maxCachedBufferCapacity: 32768
21:41:57.409 [main] DEBUG io.netty.buffer.PooledByteBufAllocator - -Dio.netty.allocator.cacheTrimInterval: 8192
21:41:57.409 [main] DEBUG io.netty.buffer.PooledByteBufAllocator - -Dio.netty.allocator.cacheTrimIntervalMillis: 0
21:41:57.409 [main] DEBUG io.netty.buffer.PooledByteBufAllocator - -Dio.netty.allocator.useCacheForAllThreads: true
21:41:57.409 [main] DEBUG io.netty.buffer.PooledByteBufAllocator - -Dio.netty.allocator.maxCachedByteBuffersPerChunk: 1023
21:41:57.417 [main] DEBUG io.netty.buffer.ByteBufUtil - -Dio.netty.allocator.type: pooled
21:41:57.417 [main] DEBUG io.netty.buffer.ByteBufUtil - -Dio.netty.threadLocalDirectBufferSize: 0
21:41:57.417 [main] DEBUG io.netty.buffer.ByteBufUtil - -Dio.netty.maxThreadLocalCharBufferSize: 16384
21:41:57.644 [Forwarding newSession on session null to remote] DEBUG io.netty.channel.DefaultChannelId - -Dio.netty.processId: 5383 (auto-detected)
21:41:57.646 [Forwarding newSession on session null to remote] DEBUG io.netty.util.NetUtil - -Djava.net.preferIPv4Stack: false
21:41:57.646 [Forwarding newSession on session null to remote] DEBUG io.netty.util.NetUtil - -Djava.net.preferIPv6Addresses: false
21:41:57.647 [Forwarding newSession on session null to remote] DEBUG io.netty.util.NetUtilInitializations - Loopback interface: lo0 (lo0, 0:0:0:0:0:0:0:1%lo0)
21:41:57.648 [Forwarding newSession on session null to remote] DEBUG io.netty.util.NetUtil - Failed to get SOMAXCONN from sysctl and file /proc/sys/net/core/somaxconn. Default: 128
21:41:57.649 [Forwarding newSession on session null to remote] DEBUG io.netty.channel.DefaultChannelId - -Dio.netty.machineId: ac:de:48:ff:fe:00:11:22 (auto-detected)
21:41:57.686 [AsyncHttpClient-1-2] DEBUG io.netty.buffer.AbstractByteBuf - -Dio.netty.buffer.checkAccessible: true
21:41:57.686 [AsyncHttpClient-1-2] DEBUG io.netty.buffer.AbstractByteBuf - -Dio.netty.buffer.checkBounds: true
21:41:57.686 [AsyncHttpClient-1-2] DEBUG io.netty.util.ResourceLeakDetectorFactory - Loaded default ResourceLeakDetector: io.netty.util.ResourceLeakDetector@4b25cecb
21:41:57.704 [AsyncHttpClient-1-2] DEBUG io.netty.util.Recycler - -Dio.netty.recycler.maxCapacityPerThread: 4096
21:41:57.704 [AsyncHttpClient-1-2] DEBUG io.netty.util.Recycler - -Dio.netty.recycler.maxSharedCapacityFactor: 2
21:41:57.704 [AsyncHttpClient-1-2] DEBUG io.netty.util.Recycler - -Dio.netty.recycler.linkCapacity: 16
21:41:57.705 [AsyncHttpClient-1-2] DEBUG io.netty.util.Recycler - -Dio.netty.recycler.ratio: 8
21:41:57.705 [AsyncHttpClient-1-2] DEBUG io.netty.util.Recycler - -Dio.netty.recycler.delayedQueue.ratio: 8
21:41:59.020 [main] DEBUG io.netty.util.internal.ThreadLocalRandom - -Dio.netty.initialSeedUniquifier: 0x800d6a342b4d8b78
21:41:59.065 [main] INFO  testCases.TC_001_AccountRegistration - Launched Chrome Browser
21:41:59.094 [main] INFO  testCases.TC_001_AccountRegistration - Starting TC_001_AccountRegistration
21:41:59.922 [main] INFO  testCases.TC_001_AccountRegistration - Home PageDisplayed
21:42:00.218 [main] INFO  testCases.TC_001_AccountRegistration - Clicking My Account link
21:42:00.646 [main] INFO  testCases.TC_001_AccountRegistration - Clicking Register link
21:42:00.789 [main] INFO  testCases.TC_001_AccountRegistration - First Name Provided
21:42:00.839 [main] INFO  testCases.TC_001_AccountRegistration - Last Name Provided
21:42:01.139 [main] INFO  testCases.TC_001_AccountRegistration - Provided details to Registration
21:42:01.983 [main] INFO  testCases.TC_001_AccountRegistration - Clicked on continue
21:42:02.008 [main] INFO  testCases.TC_001_AccountRegistration - Confirmation message validated
21:42:02.010 [main] INFO  testCases.TC_001_AccountRegistration -  Finished 	TC_001_AccountRegistration
21:42:02.023 [AsyncHttpClient-1-4] TRACE io.netty.handler.codec.http.websocketx.WebSocket08FrameEncoder - Encoding WebSocket Frame opCode=8 length=26
21:42:03.268 [main] INFO  testCases.TC_002_Login - Launched Chrome Browser
21:42:03.273 [main] INFO  testCases.TC_002_Login - Starting TC_002_Login
21:42:04.077 [main] INFO  testCases.TC_002_Login - Home PageDisplayed
21:42:04.388 [main] INFO  testCases.TC_002_Login - Clicked My account link
21:42:04.755 [main] INFO  testCases.TC_002_Login - Clicking login link
21:42:04.892 [main] INFO  testCases.TC_002_Login - provide email
21:42:04.955 [main] INFO  testCases.TC_002_Login - provided password
21:42:06.009 [main] INFO  testCases.TC_002_Login - clicked login button
21:42:06.043 [main] INFO  testCases.TC_002_Login - succesful validation
21:42:06.044 [main] INFO  testCases.TC_002_Login - Finished TC_002_Login
21:42:06.048 [AsyncHttpClient-1-7] TRACE io.netty.handler.codec.http.websocketx.WebSocket08FrameEncoder - Encoding WebSocket Frame opCode=8 length=26
21:42:07.333 [main] INFO  testCases.TC_LG_003 - Launched Chrome Browser
21:42:07.337 [main] INFO  testCases.TC_LG_003 - TC_LG_003 is started
21:42:08.140 [main] INFO  testCases.TC_LG_003 - URL is launched
21:42:08.919 [main] INFO  testCases.TC_LG_003 - Provided Email
21:42:08.991 [main] INFO  testCases.TC_LG_003 - Provided Password
21:42:09.815 [main] INFO  testCases.TC_LG_003 - Clicked Login
21:42:09.841 [main] INFO  testCases.TC_LG_003 - title captured
21:42:09.841 [main] INFO  testCases.TC_LG_003 - Validation Passed
21:42:09.872 [main] INFO  testCases.TC_LG_003 - Clicked My Account
21:42:10.540 [main] INFO  testCases.TC_LG_003 - Clicked LogOut
21:42:10.566 [main] INFO  testCases.TC_LG_003 - Validated Logout Message
21:42:10.568 [AsyncHttpClient-1-10] TRACE io.netty.handler.codec.http.websocketx.WebSocket08FrameEncoder - Encoding WebSocket Frame opCode=8 length=26
21:42:11.781 [main] INFO  testCases.TC_FP_004 - Launched Chrome Browser
21:42:11.791 [main] INFO  testCases.TC_FP_004 - TC_FP_004 Forgot Password Started
21:42:12.661 [main] INFO  testCases.TC_FP_004 - URL Launched
21:42:12.916 [main] INFO  testCases.TC_FP_004 - Clicked My Account Page
21:42:13.364 [main] INFO  testCases.TC_FP_004 - Clicked Login Page
21:42:13.708 [main] INFO  testCases.TC_FP_004 - Clicked Forgot password link
21:42:13.843 [main] INFO  testCases.TC_FP_004 - provided email to reset password
21:42:15.098 [main] INFO  testCases.TC_FP_004 - Clicked Continue button to reset password
21:42:15.125 [AsyncHttpClient-1-13] TRACE io.netty.handler.codec.http.websocketx.WebSocket08FrameEncoder - Encoding WebSocket Frame opCode=8 length=26
21:42:16.330 [main] INFO  testCases.TC_SF_015 - Launched Chrome Browser
21:42:16.337 [main] INFO  testCases.TC_SF_015 - TestCase TC_SF_015 started
21:42:17.126 [main] INFO  testCases.TC_SF_015 - URL is launched
21:42:17.246 [main] INFO  testCases.TC_SF_015 - Enter txt to search product
21:42:17.889 [main] INFO  testCases.TC_SF_015 - Clicked search button
21:42:18.473 [main] INFO  testCases.TC_SF_015 - DropDown Validated
21:42:18.474 [AsyncHttpClient-1-16] TRACE io.netty.handler.codec.http.websocketx.WebSocket08FrameEncoder - Encoding WebSocket Frame opCode=8 length=26
21:42:19.639 [main] INFO  testCases.TC_PC_001 - Launched Chrome Browser
21:42:19.652 [main] INFO  testCases.TC_PC_001 - TestCase TC_PC_001 is started
21:42:20.430 [main] INFO  testCases.TC_PC_001 - URL is launched 
21:42:20.552 [main] INFO  testCases.TC_PC_001 - Text Mac is entered in inputsearch box
21:42:21.205 [main] INFO  testCases.TC_PC_001 - Clicked search Button
21:42:22.325 [main] INFO  testCases.TC_PC_001 - Clicked on the product displayed 
21:42:22.382 [main] INFO  testCases.TC_PC_001 - Clicked on product to be compared
21:42:22.665 [main] INFO  testCases.TC_PC_001 - Clicked on productCompairsion link
21:42:22.666 [AsyncHttpClient-1-3] TRACE io.netty.handler.codec.http.websocketx.WebSocket08FrameEncoder - Encoding WebSocket Frame opCode=8 length=26
21:42:23.882 [main] INFO  testCases.TC_PC_004 - Launched Chrome Browser
21:42:23.893 [main] INFO  testCases.TC_PC_004 - TestCase TC_PC_004 started
21:42:24.791 [main] INFO  testCases.TC_PC_004 - URL is launched
21:42:25.097 [main] INFO  testCases.TC_PC_004 - Clicked the Desktop button
21:42:25.701 [main] INFO  testCases.TC_PC_004 - Clicked Show all Desktop
21:42:25.745 [main] INFO  testCases.TC_PC_004 - Clicked List View
21:42:27.003 [main] INFO  testCases.TC_PC_004 - Choose the product from the list
21:42:27.045 [main] INFO  testCases.TC_PC_004 - Added the product to compare product
21:42:27.393 [main] INFO  testCases.TC_PC_004 - Captured Confirmation message after adding the product to compare
21:42:27.393 [main] INFO  testCases.TC_PC_004 - Validation passed
21:42:27.394 [AsyncHttpClient-1-6] TRACE io.netty.handler.codec.http.websocketx.WebSocket08FrameEncoder - Encoding WebSocket Frame opCode=8 length=26
21:42:28.721 [main] INFO  testCases.TC_PDP_001 - Launched Chrome Browser
21:42:28.736 [main] INFO  testCases.TC_PDP_001 -  TestCase TC_PDP_001 started
21:42:29.591 [main] INFO  testCases.TC_PDP_001 - Provided text iMac in Search textbox
21:42:30.172 [main] INFO  testCases.TC_PDP_001 - Clicked Search button
21:42:31.355 [main] INFO  testCases.TC_PDP_001 - Clicked iMac Product
21:42:31.406 [main] INFO  testCases.TC_PDP_001 - Clicked iMac image
21:42:34.598 [main] INFO  testCases.TC_PDP_001 - Validated Product Name Passed
21:42:34.617 [main] INFO  testCases.TC_PDP_001 - Validated Product Brand Passed
21:42:34.767 [main] INFO  testCases.TC_PDP_001 - Setting Quantity to 2
21:42:34.827 [main] INFO  testCases.TC_PDP_001 - Clicking on Add to Cart Button 
21:42:35.240 [main] INFO  testCases.TC_PDP_001 - Validated Sucess Message after adding to cart Passed
21:42:39.579 [main] INFO  testCases.TC_PDP_032 - Launched Chrome Browser
21:42:39.593 [main] INFO  testCases.TC_PDP_032 - TC_PDP_032 test case started
21:42:40.638 [main] INFO  testCases.TC_PDP_032 - URL Launched
21:42:40.759 [main] INFO  testCases.TC_PDP_032 - Search text iMac entered in textbox
21:42:41.330 [main] INFO  testCases.TC_PDP_032 - Clicked Search Button
21:42:41.365 [main] INFO  testCases.TC_PDP_032 - clicked add to cart next to image
21:42:41.854 [main] INFO  testCases.TC_PDP_032 - clicked add to cart next to Search Button
21:42:43.935 [main] INFO  testCases.TC_PDP_032 - clicked on Product Name on Toggle window
21:42:43.937 [AsyncHttpClient-1-12] TRACE io.netty.handler.codec.http.websocketx.WebSocket08FrameEncoder - Encoding WebSocket Frame opCode=8 length=26
21:42:45.158 [main] INFO  testCases.TC_PDP_035 - Launched Chrome Browser
21:42:45.173 [main] INFO  testCases.TC_PDP_035 - TC_PDP_035 TestCase Started
21:42:45.998 [main] INFO  testCases.TC_PDP_035 - URL Launched
21:42:46.131 [main] INFO  testCases.TC_PDP_035 - Search text iMac entered in textbox
21:42:46.529 [main] INFO  testCases.TC_PDP_035 - Clicked Search Button
21:42:47.938 [main] INFO  testCases.TC_PDP_035 - Clicked on Apple Cinema Product
21:42:48.007 [main] INFO  testCases.TC_PDP_035 - Validation of Page Heading Passed
21:42:48.017 [main] INFO  testCases.TC_PDP_035 - Validation of Page Title Passed
21:42:48.022 [main] INFO  testCases.TC_PDP_035 - Validation of Page URL Passed
21:42:48.022 [main] INFO  testCases.TC_PDP_035 - Finished TC_PDP_035
21:42:48.023 [AsyncHttpClient-1-15] TRACE io.netty.handler.codec.http.websocketx.WebSocket08FrameEncoder - Encoding WebSocket Frame opCode=8 length=26
21:43:28.831 [main] DEBUG io.netty.util.internal.logging.InternalLoggerFactory - Using Log4J2 as the default logging framework
21:43:28.838 [main] DEBUG io.netty.util.ResourceLeakDetector - -Dio.netty.leakDetection.level: simple
21:43:28.838 [main] DEBUG io.netty.util.ResourceLeakDetector - -Dio.netty.leakDetection.targetRecords: 4
21:43:28.842 [main] DEBUG io.netty.util.ResourceLeakDetectorFactory - Loaded default ResourceLeakDetector: io.netty.util.ResourceLeakDetector@ce5a68e
21:43:28.855 [main] DEBUG io.netty.util.internal.PlatformDependent - Platform: MacOS
21:43:28.856 [main] DEBUG io.netty.util.internal.PlatformDependent0 - -Dio.netty.noUnsafe: false
21:43:28.856 [main] DEBUG io.netty.util.internal.PlatformDependent0 - Java version: 8
21:43:28.857 [main] DEBUG io.netty.util.internal.PlatformDependent0 - sun.misc.Unsafe.theUnsafe: available
21:43:28.857 [main] DEBUG io.netty.util.internal.PlatformDependent0 - sun.misc.Unsafe.copyMemory: available
21:43:28.857 [main] DEBUG io.netty.util.internal.PlatformDependent0 - java.nio.Buffer.address: available
21:43:28.858 [main] DEBUG io.netty.util.internal.PlatformDependent0 - direct buffer constructor: available
21:43:28.858 [main] DEBUG io.netty.util.internal.PlatformDependent0 - java.nio.Bits.unaligned: available, true
21:43:28.858 [main] DEBUG io.netty.util.internal.PlatformDependent0 - jdk.internal.misc.Unsafe.allocateUninitializedArray(int): unavailable prior to Java9
21:43:28.858 [main] DEBUG io.netty.util.internal.PlatformDependent0 - java.nio.DirectByteBuffer.<init>(long, int): available
21:43:28.859 [main] DEBUG io.netty.util.internal.PlatformDependent - sun.misc.Unsafe: available
21:43:28.859 [main] DEBUG io.netty.util.internal.PlatformDependent - -Dio.netty.tmpdir: /var/folders/9z/2xh0v91139g95yjpxfg4djhh0000gn/T (java.io.tmpdir)
21:43:28.859 [main] DEBUG io.netty.util.internal.PlatformDependent - -Dio.netty.bitMode: 64 (sun.arch.data.model)
21:43:28.859 [main] DEBUG io.netty.util.internal.PlatformDependent - -Dio.netty.maxDirectMemory: 1908932608 bytes
21:43:28.859 [main] DEBUG io.netty.util.internal.PlatformDependent - -Dio.netty.uninitializedArrayAllocationThreshold: -1
21:43:28.860 [main] DEBUG io.netty.util.internal.CleanerJava6 - java.nio.ByteBuffer.cleaner(): available
21:43:28.860 [main] DEBUG io.netty.util.internal.PlatformDependent - -Dio.netty.noPreferDirect: false
21:43:28.866 [main] DEBUG io.netty.util.internal.PlatformDependent - org.jctools-core.MpscChunkedArrayQueue: available
21:43:28.879 [main] DEBUG io.netty.util.internal.InternalThreadLocalMap - -Dio.netty.threadLocalMap.stringBuilder.initialSize: 1024
21:43:28.879 [main] DEBUG io.netty.util.internal.InternalThreadLocalMap - -Dio.netty.threadLocalMap.stringBuilder.maxSize: 4096
21:43:28.897 [main] DEBUG io.netty.handler.ssl.JdkSslContext - Default protocols (JDK): [TLSv1.2] 
21:43:28.897 [main] DEBUG io.netty.handler.ssl.JdkSslContext - Default cipher suites (JDK): [TLS_ECDHE_ECDSA_WITH_AES_256_GCM_SHA384, TLS_ECDHE_ECDSA_WITH_AES_128_GCM_SHA256, TLS_ECDHE_RSA_WITH_AES_128_GCM_SHA256, TLS_ECDHE_RSA_WITH_AES_256_GCM_SHA384, TLS_ECDHE_RSA_WITH_AES_128_CBC_SHA, TLS_ECDHE_RSA_WITH_AES_256_CBC_SHA, TLS_RSA_WITH_AES_128_GCM_SHA256, TLS_RSA_WITH_AES_128_CBC_SHA, TLS_RSA_WITH_AES_256_CBC_SHA, TLS_AES_128_GCM_SHA256, TLS_AES_256_GCM_SHA384]
21:43:28.915 [main] DEBUG io.netty.channel.MultithreadEventLoopGroup - -Dio.netty.eventLoopThreads: 16
21:43:28.921 [main] DEBUG io.netty.channel.nio.NioEventLoop - -Dio.netty.noKeySetOptimization: false
21:43:28.921 [main] DEBUG io.netty.channel.nio.NioEventLoop - -Dio.netty.selectorAutoRebuildThreshold: 512
21:43:28.924 [main] TRACE io.netty.channel.nio.NioEventLoop - instrumented a special java.util.Set into: sun.nio.ch.KQueueSelectorImpl@241a53ef
21:43:28.924 [main] TRACE io.netty.channel.nio.NioEventLoop - instrumented a special java.util.Set into: sun.nio.ch.KQueueSelectorImpl@70e659aa
21:43:28.924 [main] TRACE io.netty.channel.nio.NioEventLoop - instrumented a special java.util.Set into: sun.nio.ch.KQueueSelectorImpl@615f972
21:43:28.925 [main] TRACE io.netty.channel.nio.NioEventLoop - instrumented a special java.util.Set into: sun.nio.ch.KQueueSelectorImpl@285f09de
21:43:28.925 [main] TRACE io.netty.channel.nio.NioEventLoop - instrumented a special java.util.Set into: sun.nio.ch.KQueueSelectorImpl@73393584
21:43:28.925 [main] TRACE io.netty.channel.nio.NioEventLoop - instrumented a special java.util.Set into: sun.nio.ch.KQueueSelectorImpl@31500940
21:43:28.925 [main] TRACE io.netty.channel.nio.NioEventLoop - instrumented a special java.util.Set into: sun.nio.ch.KQueueSelectorImpl@1827a871
21:43:28.925 [main] TRACE io.netty.channel.nio.NioEventLoop - instrumented a special java.util.Set into: sun.nio.ch.KQueueSelectorImpl@48e64352
21:43:28.925 [main] TRACE io.netty.channel.nio.NioEventLoop - instrumented a special java.util.Set into: sun.nio.ch.KQueueSelectorImpl@7249dadf
21:43:28.925 [main] TRACE io.netty.channel.nio.NioEventLoop - instrumented a special java.util.Set into: sun.nio.ch.KQueueSelectorImpl@4362d7df
21:43:28.925 [main] TRACE io.netty.channel.nio.NioEventLoop - instrumented a special java.util.Set into: sun.nio.ch.KQueueSelectorImpl@66238be2
21:43:28.925 [main] TRACE io.netty.channel.nio.NioEventLoop - instrumented a special java.util.Set into: sun.nio.ch.KQueueSelectorImpl@1c25b8a7
21:43:28.925 [main] TRACE io.netty.channel.nio.NioEventLoop - instrumented a special java.util.Set into: sun.nio.ch.KQueueSelectorImpl@200606de
21:43:28.925 [main] TRACE io.netty.channel.nio.NioEventLoop - instrumented a special java.util.Set into: sun.nio.ch.KQueueSelectorImpl@750fe12e
21:43:28.926 [main] TRACE io.netty.channel.nio.NioEventLoop - instrumented a special java.util.Set into: sun.nio.ch.KQueueSelectorImpl@f8908f6
21:43:28.926 [main] TRACE io.netty.channel.nio.NioEventLoop - instrumented a special java.util.Set into: sun.nio.ch.KQueueSelectorImpl@3e587920
21:43:28.942 [main] DEBUG io.netty.buffer.PooledByteBufAllocator - -Dio.netty.allocator.numHeapArenas: 16
21:43:28.942 [main] DEBUG io.netty.buffer.PooledByteBufAllocator - -Dio.netty.allocator.numDirectArenas: 16
21:43:28.942 [main] DEBUG io.netty.buffer.PooledByteBufAllocator - -Dio.netty.allocator.pageSize: 8192
21:43:28.942 [main] DEBUG io.netty.buffer.PooledByteBufAllocator - -Dio.netty.allocator.maxOrder: 11
21:43:28.942 [main] DEBUG io.netty.buffer.PooledByteBufAllocator - -Dio.netty.allocator.chunkSize: 16777216
21:43:28.942 [main] DEBUG io.netty.buffer.PooledByteBufAllocator - -Dio.netty.allocator.smallCacheSize: 256
21:43:28.942 [main] DEBUG io.netty.buffer.PooledByteBufAllocator - -Dio.netty.allocator.normalCacheSize: 64
21:43:28.942 [main] DEBUG io.netty.buffer.PooledByteBufAllocator - -Dio.netty.allocator.maxCachedBufferCapacity: 32768
21:43:28.942 [main] DEBUG io.netty.buffer.PooledByteBufAllocator - -Dio.netty.allocator.cacheTrimInterval: 8192
21:43:28.942 [main] DEBUG io.netty.buffer.PooledByteBufAllocator - -Dio.netty.allocator.cacheTrimIntervalMillis: 0
21:43:28.942 [main] DEBUG io.netty.buffer.PooledByteBufAllocator - -Dio.netty.allocator.useCacheForAllThreads: true
21:43:28.942 [main] DEBUG io.netty.buffer.PooledByteBufAllocator - -Dio.netty.allocator.maxCachedByteBuffersPerChunk: 1023
21:43:28.950 [main] DEBUG io.netty.buffer.ByteBufUtil - -Dio.netty.allocator.type: pooled
21:43:28.950 [main] DEBUG io.netty.buffer.ByteBufUtil - -Dio.netty.threadLocalDirectBufferSize: 0
21:43:28.950 [main] DEBUG io.netty.buffer.ByteBufUtil - -Dio.netty.maxThreadLocalCharBufferSize: 16384
21:43:29.241 [Forwarding newSession on session null to remote] DEBUG io.netty.channel.DefaultChannelId - -Dio.netty.processId: 5643 (auto-detected)
21:43:29.243 [Forwarding newSession on session null to remote] DEBUG io.netty.util.NetUtil - -Djava.net.preferIPv4Stack: false
21:43:29.243 [Forwarding newSession on session null to remote] DEBUG io.netty.util.NetUtil - -Djava.net.preferIPv6Addresses: false
21:43:29.244 [Forwarding newSession on session null to remote] DEBUG io.netty.util.NetUtilInitializations - Loopback interface: lo0 (lo0, 0:0:0:0:0:0:0:1%lo0)
21:43:29.245 [Forwarding newSession on session null to remote] DEBUG io.netty.util.NetUtil - Failed to get SOMAXCONN from sysctl and file /proc/sys/net/core/somaxconn. Default: 128
21:43:29.246 [Forwarding newSession on session null to remote] DEBUG io.netty.channel.DefaultChannelId - -Dio.netty.machineId: ac:de:48:ff:fe:00:11:22 (auto-detected)
21:43:29.287 [AsyncHttpClient-1-2] DEBUG io.netty.buffer.AbstractByteBuf - -Dio.netty.buffer.checkAccessible: true
21:43:29.287 [AsyncHttpClient-1-2] DEBUG io.netty.buffer.AbstractByteBuf - -Dio.netty.buffer.checkBounds: true
21:43:29.287 [AsyncHttpClient-1-2] DEBUG io.netty.util.ResourceLeakDetectorFactory - Loaded default ResourceLeakDetector: io.netty.util.ResourceLeakDetector@64b96bf
21:43:29.306 [AsyncHttpClient-1-2] DEBUG io.netty.util.Recycler - -Dio.netty.recycler.maxCapacityPerThread: 4096
21:43:29.307 [AsyncHttpClient-1-2] DEBUG io.netty.util.Recycler - -Dio.netty.recycler.maxSharedCapacityFactor: 2
21:43:29.307 [AsyncHttpClient-1-2] DEBUG io.netty.util.Recycler - -Dio.netty.recycler.linkCapacity: 16
21:43:29.307 [AsyncHttpClient-1-2] DEBUG io.netty.util.Recycler - -Dio.netty.recycler.ratio: 8
21:43:29.307 [AsyncHttpClient-1-2] DEBUG io.netty.util.Recycler - -Dio.netty.recycler.delayedQueue.ratio: 8
21:43:30.725 [main] DEBUG io.netty.util.internal.ThreadLocalRandom - -Dio.netty.initialSeedUniquifier: 0x754727937ff1836e
21:43:30.766 [main] INFO  testCases.TC_001_AccountRegistration - Launched Chrome Browser
21:43:30.796 [main] INFO  testCases.TC_001_AccountRegistration - Starting TC_001_AccountRegistration
21:43:31.628 [main] INFO  testCases.TC_001_AccountRegistration - Home PageDisplayed
21:43:31.991 [main] INFO  testCases.TC_001_AccountRegistration - Clicking My Account link
21:43:32.429 [main] INFO  testCases.TC_001_AccountRegistration - Clicking Register link
21:43:32.560 [main] INFO  testCases.TC_001_AccountRegistration - First Name Provided
21:43:32.609 [main] INFO  testCases.TC_001_AccountRegistration - Last Name Provided
21:43:32.899 [main] INFO  testCases.TC_001_AccountRegistration - Provided details to Registration
21:43:33.700 [main] INFO  testCases.TC_001_AccountRegistration - Clicked on continue
21:43:33.725 [main] INFO  testCases.TC_001_AccountRegistration - Confirmation message validated
21:43:33.726 [main] INFO  testCases.TC_001_AccountRegistration -  Finished 	TC_001_AccountRegistration
21:43:33.739 [AsyncHttpClient-1-4] TRACE io.netty.handler.codec.http.websocketx.WebSocket08FrameEncoder - Encoding WebSocket Frame opCode=8 length=26
21:43:34.950 [main] INFO  testCases.TC_002_Login - Launched Chrome Browser
21:43:34.969 [main] INFO  testCases.TC_002_Login - Starting TC_002_Login
21:43:35.789 [main] INFO  testCases.TC_002_Login - Home PageDisplayed
21:43:36.084 [main] INFO  testCases.TC_002_Login - Clicked My account link
21:43:36.474 [main] INFO  testCases.TC_002_Login - Clicking login link
21:43:36.596 [main] INFO  testCases.TC_002_Login - provide email
21:43:36.645 [main] INFO  testCases.TC_002_Login - provided password
21:43:37.638 [main] INFO  testCases.TC_002_Login - clicked login button
21:43:37.668 [main] INFO  testCases.TC_002_Login - succesful validation
21:43:37.668 [main] INFO  testCases.TC_002_Login - Finished TC_002_Login
21:43:37.671 [AsyncHttpClient-1-7] TRACE io.netty.handler.codec.http.websocketx.WebSocket08FrameEncoder - Encoding WebSocket Frame opCode=8 length=26
21:43:38.833 [main] INFO  testCases.TC_LG_003 - Launched Chrome Browser
21:43:38.846 [main] INFO  testCases.TC_LG_003 - TC_LG_003 is started
21:43:39.651 [main] INFO  testCases.TC_LG_003 - URL is launched
21:43:40.434 [main] INFO  testCases.TC_LG_003 - Provided Email
21:43:40.488 [main] INFO  testCases.TC_LG_003 - Provided Password
21:43:41.321 [main] INFO  testCases.TC_LG_003 - Clicked Login
21:43:41.347 [main] INFO  testCases.TC_LG_003 - title captured
21:43:41.347 [main] INFO  testCases.TC_LG_003 - Validation Passed
21:43:41.376 [main] INFO  testCases.TC_LG_003 - Clicked My Account
21:43:42.056 [main] INFO  testCases.TC_LG_003 - Clicked LogOut
21:43:42.082 [main] INFO  testCases.TC_LG_003 - Validated Logout Message
21:43:42.083 [AsyncHttpClient-1-10] TRACE io.netty.handler.codec.http.websocketx.WebSocket08FrameEncoder - Encoding WebSocket Frame opCode=8 length=26
21:43:43.248 [main] INFO  testCases.TC_FP_004 - Launched Chrome Browser
21:43:43.260 [main] INFO  testCases.TC_FP_004 - TC_FP_004 Forgot Password Started
21:43:44.071 [main] INFO  testCases.TC_FP_004 - URL Launched
21:43:44.112 [main] INFO  testCases.TC_FP_004 - Clicked My Account Page
21:43:44.492 [main] INFO  testCases.TC_FP_004 - Clicked Login Page
21:43:44.875 [main] INFO  testCases.TC_FP_004 - Clicked Forgot password link
21:43:44.995 [main] INFO  testCases.TC_FP_004 - provided email to reset password
21:43:46.221 [main] INFO  testCases.TC_FP_004 - Clicked Continue button to reset password
21:43:46.248 [AsyncHttpClient-1-13] TRACE io.netty.handler.codec.http.websocketx.WebSocket08FrameEncoder - Encoding WebSocket Frame opCode=8 length=26
21:43:47.595 [main] INFO  testCases.TC_SF_015 - Launched Chrome Browser
21:43:47.618 [main] INFO  testCases.TC_SF_015 - TestCase TC_SF_015 started
21:43:48.474 [main] INFO  testCases.TC_SF_015 - URL is launched
21:43:48.654 [main] INFO  testCases.TC_SF_015 - Enter txt to search product
21:43:49.694 [main] INFO  testCases.TC_SF_015 - Clicked search button
21:43:50.268 [main] INFO  testCases.TC_SF_015 - DropDown Validated
21:43:50.269 [AsyncHttpClient-1-16] TRACE io.netty.handler.codec.http.websocketx.WebSocket08FrameEncoder - Encoding WebSocket Frame opCode=8 length=26
21:43:51.577 [main] INFO  testCases.TC_PC_001 - Launched Chrome Browser
21:43:51.612 [main] INFO  testCases.TC_PC_001 - TestCase TC_PC_001 is started
21:43:52.472 [main] INFO  testCases.TC_PC_001 - URL is launched 
21:43:52.597 [main] INFO  testCases.TC_PC_001 - Text Mac is entered in inputsearch box
21:43:53.218 [main] INFO  testCases.TC_PC_001 - Clicked search Button
21:43:54.198 [main] INFO  testCases.TC_PC_001 - Clicked on the product displayed 
21:43:54.251 [main] INFO  testCases.TC_PC_001 - Clicked on product to be compared
21:43:54.540 [main] INFO  testCases.TC_PC_001 - Clicked on productCompairsion link
21:43:54.541 [AsyncHttpClient-1-3] TRACE io.netty.handler.codec.http.websocketx.WebSocket08FrameEncoder - Encoding WebSocket Frame opCode=8 length=26
21:43:55.757 [main] INFO  testCases.TC_PC_004 - Launched Chrome Browser
21:43:55.773 [main] INFO  testCases.TC_PC_004 - TestCase TC_PC_004 started
21:43:56.796 [main] INFO  testCases.TC_PC_004 - URL is launched
21:43:56.969 [main] INFO  testCases.TC_PC_004 - Clicked the Desktop button
21:43:57.556 [main] INFO  testCases.TC_PC_004 - Clicked Show all Desktop
21:43:57.598 [main] INFO  testCases.TC_PC_004 - Clicked List View
21:43:58.804 [main] INFO  testCases.TC_PC_004 - Choose the product from the list
21:43:58.845 [main] INFO  testCases.TC_PC_004 - Added the product to compare product
21:43:59.156 [main] INFO  testCases.TC_PC_004 - Captured Confirmation message after adding the product to compare
21:43:59.156 [main] INFO  testCases.TC_PC_004 - Validation passed
21:43:59.157 [AsyncHttpClient-1-6] TRACE io.netty.handler.codec.http.websocketx.WebSocket08FrameEncoder - Encoding WebSocket Frame opCode=8 length=26
21:44:00.430 [main] INFO  testCases.TC_PDP_001 - Launched Chrome Browser
21:44:00.441 [main] INFO  testCases.TC_PDP_001 -  TestCase TC_PDP_001 started
21:44:01.348 [main] INFO  testCases.TC_PDP_001 - Provided text iMac in Search textbox
21:44:01.918 [main] INFO  testCases.TC_PDP_001 - Clicked Search button
21:44:03.033 [main] INFO  testCases.TC_PDP_001 - Clicked iMac Product
21:44:03.085 [main] INFO  testCases.TC_PDP_001 - Clicked iMac image
21:44:06.269 [main] INFO  testCases.TC_PDP_001 - Validated Product Name Passed
21:44:06.293 [main] INFO  testCases.TC_PDP_001 - Validated Product Brand Passed
21:44:06.432 [main] INFO  testCases.TC_PDP_001 - Setting Quantity to 2
21:44:06.504 [main] INFO  testCases.TC_PDP_001 - Clicking on Add to Cart Button 
21:44:06.917 [main] INFO  testCases.TC_PDP_001 - Validated Sucess Message after adding to cart Passed
21:44:11.298 [main] INFO  testCases.TC_PDP_032 - Launched Chrome Browser
21:44:11.308 [main] INFO  testCases.TC_PDP_032 - TC_PDP_032 test case started
21:44:12.121 [main] INFO  testCases.TC_PDP_032 - URL Launched
21:44:12.243 [main] INFO  testCases.TC_PDP_032 - Search text iMac entered in textbox
21:44:12.794 [main] INFO  testCases.TC_PDP_032 - Clicked Search Button
21:44:12.828 [main] INFO  testCases.TC_PDP_032 - clicked add to cart next to image
21:44:13.389 [main] INFO  testCases.TC_PDP_032 - clicked add to cart next to Search Button
21:44:15.568 [main] INFO  testCases.TC_PDP_032 - clicked on Product Name on Toggle window
21:44:15.569 [AsyncHttpClient-1-12] TRACE io.netty.handler.codec.http.websocketx.WebSocket08FrameEncoder - Encoding WebSocket Frame opCode=8 length=26
21:44:16.792 [main] INFO  testCases.TC_PDP_035 - Launched Chrome Browser
21:44:16.801 [main] INFO  testCases.TC_PDP_035 - TC_PDP_035 TestCase Started
21:44:17.667 [main] INFO  testCases.TC_PDP_035 - URL Launched
21:44:17.795 [main] INFO  testCases.TC_PDP_035 - Search text iMac entered in textbox
21:44:18.201 [main] INFO  testCases.TC_PDP_035 - Clicked Search Button
21:44:19.439 [main] INFO  testCases.TC_PDP_035 - Clicked on Apple Cinema Product
21:44:19.458 [main] INFO  testCases.TC_PDP_035 - Validation of Page Heading Passed
21:44:19.462 [main] INFO  testCases.TC_PDP_035 - Validation of Page Title Passed
21:44:19.466 [main] INFO  testCases.TC_PDP_035 - Validation of Page URL Passed
21:44:19.466 [main] INFO  testCases.TC_PDP_035 - Finished TC_PDP_035
21:44:19.466 [AsyncHttpClient-1-15] TRACE io.netty.handler.codec.http.websocketx.WebSocket08FrameEncoder - Encoding WebSocket Frame opCode=8 length=26
21:44:19.950 [AsyncHttpClient-1-17] DEBUG io.netty.buffer.PoolThreadCache - Freed 22 thread-local buffer(s) from thread: AsyncHttpClient-1-17
21:44:19.950 [AsyncHttpClient-1-11] DEBUG io.netty.buffer.PoolThreadCache - Freed 22 thread-local buffer(s) from thread: AsyncHttpClient-1-11
21:44:19.950 [AsyncHttpClient-1-2] DEBUG io.netty.buffer.PoolThreadCache - Freed 25 thread-local buffer(s) from thread: AsyncHttpClient-1-2
21:44:19.952 [AsyncHttpClient-1-12] DEBUG io.netty.buffer.PoolThreadCache - Freed 4 thread-local buffer(s) from thread: AsyncHttpClient-1-12
21:44:19.956 [AsyncHttpClient-1-4] DEBUG io.netty.buffer.PoolThreadCache - Freed 22 thread-local buffer(s) from thread: AsyncHttpClient-1-4
21:44:19.956 [AsyncHttpClient-1-5] DEBUG io.netty.buffer.PoolThreadCache - Freed 24 thread-local buffer(s) from thread: AsyncHttpClient-1-5
21:44:19.957 [AsyncHttpClient-1-9] DEBUG io.netty.buffer.PoolThreadCache - Freed 3 thread-local buffer(s) from thread: AsyncHttpClient-1-9
21:44:19.957 [AsyncHttpClient-1-6] DEBUG io.netty.buffer.PoolThreadCache - Freed 4 thread-local buffer(s) from thread: AsyncHttpClient-1-6
21:44:19.957 [AsyncHttpClient-1-10] DEBUG io.netty.buffer.PoolThreadCache - Freed 18 thread-local buffer(s) from thread: AsyncHttpClient-1-10
21:44:42.064 [main] DEBUG io.netty.util.internal.logging.InternalLoggerFactory - Using Log4J2 as the default logging framework
21:44:42.070 [main] DEBUG io.netty.util.ResourceLeakDetector - -Dio.netty.leakDetection.level: simple
21:44:42.071 [main] DEBUG io.netty.util.ResourceLeakDetector - -Dio.netty.leakDetection.targetRecords: 4
21:44:42.074 [main] DEBUG io.netty.util.ResourceLeakDetectorFactory - Loaded default ResourceLeakDetector: io.netty.util.ResourceLeakDetector@ce5a68e
21:44:42.086 [main] DEBUG io.netty.util.internal.PlatformDependent - Platform: MacOS
21:44:42.087 [main] DEBUG io.netty.util.internal.PlatformDependent0 - -Dio.netty.noUnsafe: false
21:44:42.087 [main] DEBUG io.netty.util.internal.PlatformDependent0 - Java version: 8
21:44:42.088 [main] DEBUG io.netty.util.internal.PlatformDependent0 - sun.misc.Unsafe.theUnsafe: available
21:44:42.088 [main] DEBUG io.netty.util.internal.PlatformDependent0 - sun.misc.Unsafe.copyMemory: available
21:44:42.088 [main] DEBUG io.netty.util.internal.PlatformDependent0 - java.nio.Buffer.address: available
21:44:42.089 [main] DEBUG io.netty.util.internal.PlatformDependent0 - direct buffer constructor: available
21:44:42.089 [main] DEBUG io.netty.util.internal.PlatformDependent0 - java.nio.Bits.unaligned: available, true
21:44:42.089 [main] DEBUG io.netty.util.internal.PlatformDependent0 - jdk.internal.misc.Unsafe.allocateUninitializedArray(int): unavailable prior to Java9
21:44:42.089 [main] DEBUG io.netty.util.internal.PlatformDependent0 - java.nio.DirectByteBuffer.<init>(long, int): available
21:44:42.089 [main] DEBUG io.netty.util.internal.PlatformDependent - sun.misc.Unsafe: available
21:44:42.090 [main] DEBUG io.netty.util.internal.PlatformDependent - -Dio.netty.tmpdir: /var/folders/9z/2xh0v91139g95yjpxfg4djhh0000gn/T (java.io.tmpdir)
21:44:42.090 [main] DEBUG io.netty.util.internal.PlatformDependent - -Dio.netty.bitMode: 64 (sun.arch.data.model)
